2019-01-22 16:56:10,857 - flask-project.test - INFO - User add name=Andrey and age=23
2019-01-22 16:56:22,321 - flask-project.test - INFO - User add name=Stepan and age=22
2019-01-22 16:56:28,377 - flask-project.test - ERROR - error(403): User add uncorrect name
2019-01-22 16:56:34,955 - flask-project.test - ERROR - error(404): User add uncorrect age
2019-01-22 17:20:23,547 - flask-project.add - INFO - User add name=Andrey and age=23
2019-01-22 18:00:04,056 - flask-project.add - INFO - User add name=Andrey and age=23
2019-01-22 18:06:29,968 - flask-project.add - INFO - User add name=Andrey and age=23
2019-01-22 18:07:00,963 - flask-project.add - INFO - User add name=Andrey and age=23
2019-01-22 18:37:31,089 - flask-project.add - INFO - User add name=Andrey and age=23
2019-01-22 18:38:35,508 - flask-project.add - INFO - User add name=Andrey and age=23
2019-01-22 18:56:13,551 - flask-project.add - INFO - User add name=Andrey and age=23
2019-01-22 18:56:34,704 - flask-project.add - INFO - User add name=andrey and age=23
2019-01-22 19:02:14,701 - flask-project.add - INFO - User add name=andrey and age=23
2019-01-22 19:02:14,703 - flask-project.add - ERROR - error(403): User add uncorrect name
2019-01-22 19:02:24,635 - flask-project.add - INFO - User add name=Andrey and age=23
2019-01-22 19:02:24,639 - flask-project.add - ERROR - error(403): User add uncorrect name
2019-01-22 19:02:38,057 - flask-project.add - INFO - User add name=Andrey and age=23
2019-01-22 19:02:38,062 - flask-project.add - ERROR - error(403): User add uncorrect name
2019-01-22 19:02:55,038 - flask-project.add - INFO - User add name=Andrey and age=23
2019-01-22 19:02:55,044 - flask-project.add - ERROR - error(403): User add uncorrect name
2019-01-22 19:04:18,571 - flask-project.add - INFO - User add name=Andrey and age=23
2019-01-22 19:05:30,482 - flask-project.add - INFO - User add name=Andrey and age=23
2019-01-22 19:05:30,485 - flask-project.add - ERROR - error(403): User add uncorrect name
2019-01-22 19:16:47,050 - flask-project.add - INFO - User add name=Andrey and age=23
2019-01-22 19:16:47,052 - flask-project.add - ERROR - error(404): User add uncorrect age
2019-01-22 19:18:24,330 - flask-project.add - INFO - User add name=Andrey and age=23
2019-01-22 19:18:24,333 - flask-project.add - ERROR - error(404): User add uncorrect age
2019-01-22 19:19:32,129 - flask-project.add - INFO - User add name=Andrey and age=23
2019-01-22 19:19:32,132 - flask-project.add - ERROR - error(404): User add uncorrect age
2019-01-22 19:20:19,207 - flask-project.add - INFO - User add name=Andrey and age=23
2019-01-22 19:21:20,547 - flask-project.add - INFO - User add name=Andrey and age=23
2019-01-22 19:21:20,549 - flask-project.add - ERROR - error(404): User add uncorrect age
2019-01-22 19:21:21,613 - flask-project.add - INFO - User add name=Andrey and age=23
2019-01-22 19:21:21,615 - flask-project.add - ERROR - error(404): User add uncorrect age
2019-01-22 19:21:50,415 - flask-project.add - INFO - User add name=Andrey and age=23
2019-01-22 19:21:50,421 - flask-project.add - ERROR - error(403): User add uncorrect name
2019-01-22 19:21:53,249 - flask-project.add - INFO - User add name=Andrey and age=23
2019-01-22 19:21:53,253 - flask-project.add - ERROR - error(403): User add uncorrect name
2019-01-22 19:22:57,259 - flask-project.add - INFO - User add name=Andrey and age=23
2019-01-22 19:22:57,262 - flask-project.add - ERROR - error(403): User add uncorrect name
2019-01-22 19:23:05,402 - flask-project.add - INFO - User add name=Andrey and age=23
2019-01-22 19:23:35,729 - flask-project.add - INFO - User add name=Andrey and age=23
2019-01-22 19:23:35,731 - flask-project.add - ERROR - error(404): User add uncorrect age
2019-01-22 19:36:22,139 - flask-project.add - INFO - User add name=Andrey and age=23
2019-01-22 19:36:22,140 - flask-project.add - ERROR - error(403): User add uncorrect name
2019-01-22 19:37:01,343 - flask-project.add - INFO - User add name=Andrey and age=23
2019-01-22 19:37:01,344 - flask-project.add - ERROR - error(403): User add uncorrect name
2019-01-22 19:37:19,293 - flask-project.add - INFO - User add name=Andrey and age=23
2019-01-22 19:37:19,294 - flask-project.add - ERROR - error(403): User add uncorrect name
2019-01-22 19:37:42,485 - flask-project.add - INFO - User add name=Andrey and age=23
2019-01-22 19:37:42,486 - flask-project.add - ERROR - error(403): User add uncorrect name
2019-01-22 19:38:03,991 - flask-project.add - INFO - User add name=Andrey and age=23
2019-01-22 19:38:03,993 - flask-project.add - ERROR - error(404): User add uncorrect age
2019-01-22 19:39:35,785 - flask-project.add - INFO - User add name=Andrey and age=23
2019-01-22 19:39:35,786 - flask-project.add - ERROR - error(404): User add uncorrect age
2019-01-22 19:41:19,371 - flask-project.add - INFO - User add name=Andrey and age=23
2019-01-22 19:41:19,372 - flask-project.add - ERROR - error(404): User add uncorrect age
2019-01-22 19:44:04,959 - flask-project.add - INFO - User add name=Andrey and age=23
2019-01-22 19:44:04,960 - flask-project.add - ERROR - error(404): User add uncorrect age
2019-01-22 19:44:59,848 - flask-project.add - INFO - User add name=Andrey and age=23
2019-01-22 19:44:59,849 - flask-project.add - ERROR - error(404): User add uncorrect age
2019-01-22 19:45:15,478 - flask-project.add - INFO - User add name=Andrey and age=23
2019-01-22 19:50:39,601 - flask-project.add - INFO - User add name=Andrey and age=23
2019-01-22 19:51:20,427 - flask-project.add - INFO - User add name=Stepan and age=23
2019-01-22 19:53:31,572 - flask-project.add - INFO - User add name=Andrey and age=23
2019-01-22 19:53:37,725 - flask-project.add - INFO - User add name=Stepan and age=23
2019-01-22 19:53:53,119 - flask-project.add - INFO - User add name=Stepan and age=22
2019-01-22 19:54:56,520 - flask-project.add - INFO - User add name=Stepan and age=22
2019-01-22 19:55:08,218 - flask-project.add - INFO - User add name=Stepan and age=22
2019-01-22 20:14:59,140 - flask-project.add - INFO - User add name=Andrey and age=23
2019-01-22 20:15:06,648 - flask-project.add - INFO - User add name=Andrey and age=23
2019-01-22 20:18:12,131 - flask-project.add - INFO - User add name=Andrey and age=23
2019-01-22 20:30:25,479 - flask-project.add - INFO - User add name=Andrey and age=23
2019-01-22 20:42:40,868 - flask-project.add - INFO - User add name=Andrey and age=23
2019-01-22 20:45:19,434 - flask-project.add - INFO - User add name=Andrey and age=23
2019-01-22 20:45:24,729 - flask-project.add - INFO - User add name=Andrey and age=23
2019-01-22 20:45:59,270 - flask-project.add - INFO - User add name=Andrey and age=23
2019-01-22 21:03:24,887 - flask-project.add - INFO - User add name=Andrey and age=23
2019-01-22 21:03:26,639 - flask-project.add - INFO - User add name=Andrey and age=23
2019-01-22 21:03:37,400 - flask-project.add - INFO - User add name=Andrey and age=23
2019-01-22 21:03:42,260 - flask-project.add - INFO - User add name=Andrey and age=23
2019-01-22 21:25:59,206 - flask-project.add - INFO - User add name=Andrey and age=23
2019-01-22 21:26:15,084 - flask-project.add - INFO - User add name=Andrey and age=23
2019-01-22 21:26:21,128 - flask-project.add - INFO - User add name=Andrey and age=23
2019-01-22 21:26:56,899 - flask-project.add - INFO - User add name=Andrey and age=23
2019-01-22 21:26:57,614 - flask-project.add - INFO - User add name=Andrey and age=23
2019-01-22 21:26:58,404 - flask-project.add - INFO - User add name=Andrey and age=23
2019-01-22 21:26:58,958 - flask-project.add - INFO - User add name=Andrey and age=23
2019-01-22 21:27:12,479 - flask-project.add - INFO - User add name=Andrey and age=23
2019-01-22 21:28:02,666 - flask-project.add - INFO - User add name=Andrey and age=23
2019-01-22 21:29:10,998 - flask-project.add - INFO - User add name=Stepan and age=23
2019-01-22 21:31:35,237 - flask-project.add - INFO - User add name=Stepan and age=23
2019-01-22 21:31:58,907 - flask-project.add - INFO - User add name=Stepan and age=23
2019-01-22 21:32:24,219 - flask-project.add - INFO - User add name=Stepan and age=23
2019-01-22 21:34:35,599 - flask-project.add - INFO - User add name=Stepan and age=23
2019-01-22 21:34:40,742 - flask-project.add - INFO - User add name=Andrey and age=23
2019-01-25 14:58:31,852 - flask-project.add - INFO - User add name=Andrey and age=23
2019-01-25 14:58:31,863 - flask-project.add - ERROR - error(404): User add uncorrect age
2019-01-25 15:00:41,339 - flask-project.add - INFO - User add name=Andrey and age=23
2019-01-25 15:00:41,341 - flask-project.add - ERROR - error(404): User add uncorrect age
2019-01-25 15:03:13,285 - flask-project.add - INFO - User add name=Andrey and age=23
2019-01-25 15:03:13,287 - flask-project.add - ERROR - error(404): User add uncorrect age
2019-01-25 15:03:47,437 - flask-project.add - INFO - User add name=Andrey and age=23
2019-01-25 15:03:47,441 - flask-project.add - ERROR - error(404): User add uncorrect age
2019-01-25 15:04:20,203 - flask-project.add - INFO - User add name=Andrey and age=23
2019-01-25 15:04:20,204 - flask-project.add - ERROR - error(404): User add uncorrect age
2019-01-25 15:11:32,782 - flask-project.add - INFO - User add name=Andrey and age=23
2019-01-25 15:13:30,679 - flask-project.add - INFO - User add name=Andrey and age=23
2019-01-25 15:13:30,685 - flask-project.add - ERROR - error(404): User add uncorrect age
2019-01-25 15:13:54,938 - flask-project.add - INFO - User add name=Andrey and age=23
2019-01-25 15:13:54,941 - flask-project.add - ERROR - error(404): User add uncorrect age
2019-01-25 15:14:54,994 - flask-project.add - INFO - User add name=Andrey and age=23
2019-01-25 15:14:54,999 - flask-project.add - ERROR - error(404): User add uncorrect age
2019-01-25 15:15:36,725 - flask-project.add - INFO - User add name=Andrey and age=23
2019-01-25 15:16:40,024 - flask-project.add - ERROR - error(404): User add uncorrect age
2019-01-25 15:17:50,521 - flask-project.add - INFO - User add name=Andrey and age=23
2019-01-25 15:19:30,490 - flask-project.add - ERROR - error(404): User add uncorrect age
2019-01-25 15:27:03,828 - flask-project.add - INFO - User add name=Andrey and age=23
2019-01-25 15:30:48,223 - flask-project.add - INFO - User add name=Stepan and age=23
2019-01-25 15:31:47,597 - flask-project.add - INFO - User add name=StepanPotapov and age=23
2019-01-25 15:35:54,889 - flask-project.add - INFO - User add name=Stepa and age=11
2019-01-25 15:36:09,283 - flask-project.add - INFO - User add name=Andrey and age=23
2019-01-25 15:36:23,129 - flask-project.add - INFO - User add name=Stepan and age=23
2019-01-25 15:36:44,530 - flask-project.add - INFO - User add name=TvoyaMamasha and age=10000
2019-01-25 15:37:17,076 - flask-project.add - INFO - User add name=Andrey and age=23
2019-01-25 15:37:45,802 - flask-project.add - INFO - User add name=Stepan and age=87
2019-01-25 17:23:55,913 - flask-project - ERROR - Error: User did not write value
2019-01-25 17:27:29,094 - flask-project.add - INFO - User add name=Andrey and age=23
2019-01-25 17:27:29,097 - flask-project.add - ERROR - error(404): User add uncorrect age
2019-01-25 17:32:23,272 - flask-project.add - INFO - User add name=Andrey and age=23
2019-01-25 17:32:23,273 - flask-project.add - ERROR - error(403): User add uncorrect name
2019-01-25 17:49:36,107 - flask-project.add - INFO - User add name=Andrey and age=23
2019-01-25 17:49:36,108 - flask-project.add - ERROR - error(404): User add uncorrect age
2019-01-25 17:51:15,017 - flask-project.add - INFO - User add name=Andrey and age=23
2019-01-25 17:51:15,021 - flask-project.add - ERROR - error(403): User add uncorrect name
2019-01-25 17:51:48,156 - flask-project.add - INFO - User add name=Andrey and age=23
2019-01-25 17:51:48,158 - flask-project.add - ERROR - error(403): User add uncorrect name
2019-01-25 17:52:32,314 - flask-project.add - INFO - User add name=Andrey and age=23
2019-01-25 17:57:32,817 - flask-project.get - ERROR - Error: User did not write value
